c:\users\slava\source\repos\первая лабараторка\первая лабараторка\x64\debug\vc143.pdb
c:\users\slava\source\repos\первая лабараторка\первая лабараторка\x64\debug\vc143.idb
c:\users\slava\source\repos\первая лабараторка\первая лабараторка\x64\debug\first.obj
c:\users\slava\source\repos\первая лабараторка\первая лабараторка\x64\debug\second.obj
c:\users\slava\source\repos\первая лабараторка\x64\debug\первая лабараторка.pdb
c:\users\slava\source\repos\первая лабараторка\первая лабараторка\x64\debug\первая л.d55f3714.tlog\cl.command.1.tlog
c:\users\slava\source\repos\первая лабараторка\первая лабараторка\x64\debug\первая л.d55f3714.tlog\cl.items.tlog
c:\users\slava\source\repos\первая лабараторка\первая лабараторка\x64\debug\первая л.d55f3714.tlog\cl.read.1.tlog
c:\users\slava\source\repos\первая лабараторка\первая лабараторка\x64\debug\первая л.d55f3714.tlog\cl.write.1.tlog
c:\users\slava\source\repos\первая лабараторка\первая лабараторка\x64\debug\первая л.d55f3714.tlog\link-cvtres.read.1.tlog
c:\users\slava\source\repos\первая лабараторка\первая лабараторка\x64\debug\первая л.d55f3714.tlog\link-cvtres.write.1.tlog
c:\users\slava\source\repos\первая лабараторка\первая лабараторка\x64\debug\первая л.d55f3714.tlog\link-rc.read.1.tlog
c:\users\slava\source\repos\первая лабараторка\первая лабараторка\x64\debug\первая л.d55f3714.tlog\link-rc.write.1.tlog
c:\users\slava\source\repos\первая лабараторка\первая лабараторка\x64\debug\первая л.d55f3714.tlog\link.26096-cvtres.read.1.tlog
c:\users\slava\source\repos\первая лабараторка\первая лабараторка\x64\debug\первая л.d55f3714.tlog\link.26096-cvtres.write.1.tlog
c:\users\slava\source\repos\первая лабараторка\первая лабараторка\x64\debug\первая л.d55f3714.tlog\link.26096-rc.read.1.tlog
c:\users\slava\source\repos\первая лабараторка\первая лабараторка\x64\debug\первая л.d55f3714.tlog\link.26096-rc.write.1.tlog
c:\users\slava\source\repos\первая лабараторка\первая лабараторка\x64\debug\первая л.d55f3714.tlog\link.26096.read.1.tlog
c:\users\slava\source\repos\первая лабараторка\первая лабараторка\x64\debug\первая л.d55f3714.tlog\link.26096.read.2.tlog
c:\users\slava\source\repos\первая лабараторка\первая лабараторка\x64\debug\первая л.d55f3714.tlog\link.26096.read.3.tlog
c:\users\slava\source\repos\первая лабараторка\первая лабараторка\x64\debug\первая л.d55f3714.tlog\link.26096.read.4.tlog
c:\users\slava\source\repos\первая лабараторка\первая лабараторка\x64\debug\первая л.d55f3714.tlog\link.26096.read.6.tlog
c:\users\slava\source\repos\первая лабараторка\первая лабараторка\x64\debug\первая л.d55f3714.tlog\link.26096.write.1.tlog
c:\users\slava\source\repos\первая лабараторка\первая лабараторка\x64\debug\первая л.d55f3714.tlog\link.command.1.tlog
c:\users\slava\source\repos\первая лабараторка\первая лабараторка\x64\debug\первая л.d55f3714.tlog\link.read.1.tlog
c:\users\slava\source\repos\первая лабараторка\первая лабараторка\x64\debug\первая л.d55f3714.tlog\link.read.2.tlog
c:\users\slava\source\repos\первая лабараторка\первая лабараторка\x64\debug\первая л.d55f3714.tlog\link.read.3.tlog
c:\users\slava\source\repos\первая лабараторка\первая лабараторка\x64\debug\первая л.d55f3714.tlog\link.read.4.tlog
c:\users\slava\source\repos\первая лабараторка\первая лабараторка\x64\debug\первая л.d55f3714.tlog\link.read.5.tlog
c:\users\slava\source\repos\первая лабараторка\первая лабараторка\x64\debug\первая л.d55f3714.tlog\link.read.6.tlog
c:\users\slava\source\repos\первая лабараторка\первая лабараторка\x64\debug\первая л.d55f3714.tlog\link.write.1.tlog
